<?xml version="1.0" encoding="UTF-8"?>
<testng-results skipped="0" failed="0" total="1" passed="1">
  <reporter-output>
  </reporter-output>
  <suite name="Default suite" duration-ms="35411" started-at="2019-10-22T05:42:53Z" finished-at="2019-10-22T05:43:28Z">
    <groups>
    </groups>
    <test name="Default test" duration-ms="35411" started-at="2019-10-22T05:42:53Z" finished-at="2019-10-22T05:43:28Z">
      <class name="DriverFactory.AppTest">
        <test-method status="PASS" signature="ERP_Start()[pri:0, instance:DriverFactory.AppTest@239963d8]" name="ERP_Start" duration-ms="35349" started-at="2019-10-22T11:12:53Z" finished-at="2019-10-22T11:13:28Z">
          <reporter-output>
          </reporter-output>
        </test-method> <!-- ERP_Start -->
      </class> <!-- DriverFactory.AppTest -->
    </test> <!-- Default test -->
  </suite> <!-- Default suite -->
</testng-results>
